{"C:\\Users\\gowtham.p\\Documents\\ally-gpo-poc\\allygpo-poc-frontend\\src\\components\\global\\appDialog\\AppDialog.tsx": {"path":"C:\\Users\\gowtham.p\\Documents\\ally-gpo-poc\\allygpo-poc-frontend\\src\\components\\global\\appDialog\\AppDialog.tsx","statementMap":{"0":{"start":{"line":2,"column":0},"end":{"line":2,"column":43}},"1":{"start":{"line":3,"column":0},"end":{"line":3,"column":62}},"2":{"start":{"line":4,"column":0},"end":{"line":4,"column":50}},"3":{"start":{"line":15,"column":25},"end":{"line":64,"column":1}},"4":{"start":{"line":24,"column":6},"end":{"line":24,"column":11}},"5":{"start":{"line":26,"column":24},"end":{"line":29,"column":null}},"6":{"start":{"line":27,"column":4},"end":{"line":28,"column":null}},"7":{"start":{"line":32,"column":2},"end":{"line":63,"column":4}},"8":{"start":{"line":40,"column":10},"end":{"line":40,"column":31}},"9":{"start":{"line":40,"column":24},"end":{"line":40,"column":31}},"10":{"start":{"line":41,"column":10},"end":{"line":41,"column":28}},"11":{"start":{"line":15,"column":13},"end":{"line":15,"column":25}}},"fnMap":{"0":{"name":"(anonymous_1)","decl":{"start":{"line":15,"column":25},"end":{"line":15,"column":26}},"loc":{"start":{"line":15,"column":52},"end":{"line":64,"column":1}}},"1":{"name":"(anonymous_2)","decl":{"start":{"line":26,"column":24},"end":{"line":26,"column":25}},"loc":{"start":{"line":27,"column":4},"end":{"line":28,"column":null}}},"2":{"name":"(anonymous_3)","decl":{"start":{"line":39,"column":16},"end":{"line":39,"column":19}},"loc":{"start":{"line":39,"column":21},"end":{"line":42,"column":9}}}},"branchMap":{"0":{"loc":{"start":{"line":23,"column":4},"end":{"line":23,"column":18}},"type":"default-arg","locations":[{"start":{"line":23,"column":12},"end":{"line":23,"column":18}}]},"1":{"loc":{"start":{"line":40,"column":10},"end":{"line":40,"column":31}},"type":"if","locations":[{"start":{"line":40,"column":10},"end":{"line":40,"column":31}}]},"2":{"loc":{"start":{"line":46,"column":14},"end":{"line":46,"column":null}},"type":"cond-expr","locations":[{"start":{"line":46,"column":32},"end":{"line":46,"column":47}},{"start":{"line":46,"column":50},"end":{"line":46,"column":null}}]}},"s":{"0":1,"1":1,"2":1,"3":1,"4":1,"5":1,"6":1,"7":1,"8":0,"9":0,"10":0,"11":1},"f":{"0":1,"1":1,"2":0},"b":{"0":[0],"1":[0],"2":[1,0]}}
,"C:\\Users\\gowtham.p\\Documents\\ally-gpo-poc\\allygpo-poc-frontend\\src\\components\\global\\typography\\Typography.tsx": {"path":"C:\\Users\\gowtham.p\\Documents\\ally-gpo-poc\\allygpo-poc-frontend\\src\\components\\global\\typography\\Typography.tsx","statementMap":{"0":{"start":{"line":2,"column":0},"end":{"line":2,"column":62}},"1":{"start":{"line":11,"column":19},"end":{"line":67,"column":1}},"2":{"start":{"line":12,"column":2},"end":{"line":66,"column":4}},"3":{"start":{"line":15,"column":8},"end":{"line":63,"column":9}},"4":{"start":{"line":18,"column":12},"end":{"line":22,"column":14}},"5":{"start":{"line":24,"column":12},"end":{"line":28,"column":14}},"6":{"start":{"line":30,"column":12},"end":{"line":32,"column":14}},"7":{"start":{"line":34,"column":12},"end":{"line":36,"column":14}},"8":{"start":{"line":38,"column":12},"end":{"line":40,"column":14}},"9":{"start":{"line":42,"column":12},"end":{"line":44,"column":14}},"10":{"start":{"line":46,"column":12},"end":{"line":48,"column":14}},"11":{"start":{"line":50,"column":12},"end":{"line":52,"column":14}},"12":{"start":{"line":54,"column":12},"end":{"line":56,"column":14}},"13":{"start":{"line":58,"column":12},"end":{"line":60,"column":14}},"14":{"start":{"line":62,"column":12},"end":{"line":62,"column":77}},"15":{"start":{"line":68,"column":0},"end":{"line":68,"column":26}}},"fnMap":{"0":{"name":"(anonymous_0)","decl":{"start":{"line":11,"column":19},"end":{"line":11,"column":20}},"loc":{"start":{"line":11,"column":74},"end":{"line":67,"column":1}}},"1":{"name":"(anonymous_1)","decl":{"start":{"line":14,"column":8},"end":{"line":14,"column":11}},"loc":{"start":{"line":14,"column":13},"end":{"line":64,"column":7}}}},"branchMap":{"0":{"loc":{"start":{"line":11,"column":41},"end":{"line":11,"column":55}},"type":"default-arg","locations":[{"start":{"line":11,"column":53},"end":{"line":11,"column":55}}]},"1":{"loc":{"start":{"line":15,"column":8},"end":{"line":63,"column":9}},"type":"switch","locations":[{"start":{"line":17,"column":10},"end":{"line":22,"column":14}},{"start":{"line":23,"column":10},"end":{"line":28,"column":14}},{"start":{"line":29,"column":10},"end":{"line":32,"column":14}},{"start":{"line":33,"column":10},"end":{"line":36,"column":14}},{"start":{"line":37,"column":10},"end":{"line":40,"column":14}},{"start":{"line":41,"column":10},"end":{"line":44,"column":14}},{"start":{"line":45,"column":10},"end":{"line":48,"column":14}},{"start":{"line":49,"column":10},"end":{"line":52,"column":14}},{"start":{"line":53,"column":10},"end":{"line":56,"column":14}},{"start":{"line":57,"column":10},"end":{"line":60,"column":14}},{"start":{"line":61,"column":10},"end":{"line":62,"column":77}}]}},"s":{"0":1,"1":1,"2":1,"3":1,"4":0,"5":0,"6":1,"7":0,"8":0,"9":0,"10":0,"11":0,"12":0,"13":0,"14":0,"15":1},"f":{"0":1,"1":1},"b":{"0":[1],"1":[0,0,1,0,0,0,0,0,0,0,0]}}
,"C:\\Users\\gowtham.p\\Documents\\ally-gpo-poc\\allygpo-poc-frontend\\src\\constants\\appConstants.ts": {"path":"C:\\Users\\gowtham.p\\Documents\\ally-gpo-poc\\allygpo-poc-frontend\\src\\constants\\appConstants.ts","statementMap":{"0":{"start":{"line":1,"column":13},"end":{"line":6,"column":2}},"1":{"start":{"line":8,"column":13},"end":{"line":11,"column":2}},"2":{"start":{"line":13,"column":13},"end":{"line":32,"column":2}},"3":{"start":{"line":34,"column":13},"end":{"line":39,"column":2}},"4":{"start":{"line":41,"column":13},"end":{"line":52,"column":2}},"5":{"start":{"line":54,"column":13},"end":{"line":57,"column":2}},"6":{"start":{"line":59,"column":13},"end":{"line":62,"column":2}}},"fnMap":{},"branchMap":{},"s":{"0":1,"1":1,"2":1,"3":1,"4":1,"5":1,"6":1},"f":{},"b":{}}
}
