TN:
SF:src\components\global\appDialog\AppDialog.tsx
FN:15,(anonymous_1)
FN:26,(anonymous_2)
FN:39,(anonymous_3)
FNF:3
FNH:2
FNDA:1,(anonymous_1)
FNDA:1,(anonymous_2)
FNDA:0,(anonymous_3)
DA:2,1
DA:3,1
DA:4,1
DA:15,1
DA:24,1
DA:26,1
DA:27,1
DA:32,1
DA:40,0
DA:41,0
LF:10
LH:8
BRDA:23,0,0,0
BRDA:40,1,0,0
BRDA:46,2,0,1
BRDA:46,2,1,0
BRF:4
BRH:1
end_of_record
TN:
SF:src\components\global\typography\Typography.tsx
FN:11,(anonymous_0)
FN:14,(anonymous_1)
FNF:2
FNH:2
FNDA:1,(anonymous_0)
FNDA:1,(anonymous_1)
DA:2,1
DA:11,1
DA:12,1
DA:15,1
DA:18,0
DA:24,0
DA:30,1
DA:34,0
DA:38,0
DA:42,0
DA:46,0
DA:50,0
DA:54,0
DA:58,0
DA:62,0
DA:68,1
LF:16
LH:6
BRDA:11,0,0,1
BRDA:15,1,0,0
BRDA:15,1,1,0
BRDA:15,1,2,1
BRDA:15,1,3,0
BRDA:15,1,4,0
BRDA:15,1,5,0
BRDA:15,1,6,0
BRDA:15,1,7,0
BRDA:15,1,8,0
BRDA:15,1,9,0
BRDA:15,1,10,0
BRF:12
BRH:2
end_of_record
TN:
SF:src\constants\appConstants.ts
FNF:0
FNH:0
DA:1,1
DA:8,1
DA:13,1
DA:34,1
DA:41,1
DA:54,1
DA:59,1
LF:7
LH:7
BRF:0
BRH:0
end_of_record
